
> rest-express@1.0.0 dev
> NODE_ENV=development tsx server/index.ts

1:37:20 AM [express] serving on port 5000
1:38:49 AM [express] GET /api/trajectory/null 200 in 65ms :: {"success":true,"trajectory":[{"timesta…
1:38:49 AM [express] POST /api/python/data/timestamp 200 in 40ms :: {"timestamp":1752570362.062682,"…
1:39:11 AM [express] POST /api/python/data/timestamp 200 in 20ms :: {"timestamp":1752570362.1626818,…
Loading data: original path="/home/thh3/data/trips/2025-07-15T12_06_02", python backend path="/home/thh3/data/trips/2025-07-15T12_06_02"
1:39:31 AM [express] POST /api/python/load-data 200 in 11278ms :: {"success":true,"plugin_name":"Tri…
Creating mock session: {
  id: 1753137571600,
  name: 'Trip 2025-07-15T12_06_02',
  filePath: '/home/thh3/data/trips/2025-07-15T12_06_02',
  filename: '2025-07-15T12_06_02',
  fileSize: 1000,
  duration: 300,
  frequency: 10,
  signalCount: 54,
  userId: 1,
  createdAt: '2025-07-21T22:39:31.600Z'
}
1:39:31 AM [express] POST /api/sessions 200 in 3ms :: {"id":1753137571600,"name":"Trip 2025-07-15T12…
1:39:31 AM [express] GET /api/trajectory/1 304 in 33ms :: {"success":true,"trajectory":[{"timestamp"…
1:46:57 AM [express] GET /api/trajectory/null 304 in 33ms :: {"success":true,"trajectory":[{"timesta…
1:46:59 AM [express] POST /api/python/data/timestamp 200 in 21ms :: {"timestamp":1752570362.062682,"…
1:47:20 AM [express] POST /api/python/data/timestamp 200 in 23ms :: {"timestamp":1752570362.1626818,…
1:47:23 AM [express] POST /api/python/data/timestamp 200 in 23ms :: {"timestamp":1752570362.262682,"…
1:47:26 AM [express] POST /api/python/data/timestamp 200 in 25ms :: {"timestamp":1752570362.3626819,…
1:47:37 AM [express] POST /api/python/data/timestamp 200 in 27ms :: {"timestamp":1752570362.462682,"…
1:47:41 AM [express] POST /api/python/data/timestamp 200 in 19ms :: {"timestamp":1752570362.562682,"…
1:47:52 AM [express] POST /api/python/data/timestamp 200 in 22ms :: {"timestamp":1752570362.762682,"…
1:48:12 AM [express] POST /api/python/data/timestamp 200 in 20ms :: {"timestamp":1752570362.962682,"…
1:48:16 AM [express] POST /api/python/data/timestamp 200 in 17ms :: {"timestamp":1752570363.062682,"…
1:48:25 AM [express] POST /api/python/data/timestamp 200 in 22ms :: {"timestamp":1752570363.262682,"…
1:48:54 AM [express] POST /api/python/data/timestamp 200 in 21ms :: {"timestamp":1752570363.962682,"…
1:49:08 AM [express] POST /api/python/data/timestamp 200 in 18ms :: {"timestamp":1752570364.262682,"…
1:49:20 AM [express] POST /api/python/data/timestamp 200 in 20ms :: {"timestamp":1752570364.562682,"…
1:49:51 AM [express] POST /api/python/data/timestamp 200 in 24ms :: {"timestamp":1752570365.262682,"…
1:49:57 AM [express] POST /api/python/data/timestamp 200 in 20ms :: {"timestamp":1752570365.3626819,…
1:50:10 AM [express] POST /api/python/data/timestamp 200 in 19ms :: {"timestamp":1752570365.6626818,…
1:50:14 AM [express] POST /api/python/data/timestamp 200 in 18ms :: {"timestamp":1752570365.762682,"…
1:50:19 AM [express] POST /api/python/data/timestamp 200 in 20ms :: {"timestamp":1752570365.8626819,…
1:50:24 AM [express] POST /api/python/data/timestamp 200 in 22ms :: {"timestamp":1752570365.962682,"…
1:50:29 AM [express] POST /api/python/data/timestamp 200 in 19ms :: {"timestamp":1752570366.062682,"…
1:50:34 AM [express] POST /api/python/data/timestamp 200 in 18ms :: {"timestamp":1752570366.1626818,…
1:50:38 AM [express] POST /api/python/data/timestamp 200 in 20ms :: {"timestamp":1752570366.262682,"…
1:50:43 AM [express] POST /api/python/data/timestamp 200 in 17ms :: {"timestamp":1752570366.3626819,…
1:50:48 AM [express] POST /api/python/data/timestamp 200 in 25ms :: {"timestamp":1752570366.462682,"…
1:55:08 AM [vite] hmr update /src/index.css?v=iBwmQxGhEBgzuqs6Td6QN, /src/pages/debug-player.tsx
1:55:18 AM [vite] hmr update /src/index.css?v=iBwmQxGhEBgzuqs6Td6QN, /src/pages/debug-player.tsx
Loading data: original path="/home/thh3/data/trips/2025-07-15T12_06_02", python backend path="/home/thh3/data/trips/2025-07-15T12_06_02"
1:59:39 AM [express] POST /api/python/load-data 200 in 12676ms :: {"success":true,"plugin_name":"Tri…
1:59:39 AM [express] POST /api/python/data/timestamp 200 in 9ms :: {"timestamp":1752570370,"data":{"…
2:00:47 AM [express] GET /api/trajectory/1 304 in 51ms :: {"success":true,"trajectory":[{"timestamp"…
2:00:55 AM [express] GET /api/trajectory/null 304 in 53ms :: {"success":true,"trajectory":[{"timesta…
2:00:55 AM [express] POST /api/python/data/timestamp 200 in 36ms :: {"timestamp":1752570362.062682,"…
2:00:58 AM [express] POST /api/python/data/timestamp 200 in 16ms :: {"timestamp":1752570362.1626818,…
2:00:59 AM [express] POST /api/python/data/timestamp 200 in 17ms :: {"timestamp":1752570362.462682,"…
2:00:59 AM [express] POST /api/python/data/timestamp 200 in 15ms :: {"timestamp":1752570362.6626818,…
2:00:59 AM [express] POST /api/python/data/timestamp 200 in 17ms :: {"timestamp":1752570362.962682,"…
2:00:59 AM [express] POST /api/python/data/timestamp 200 in 18ms :: {"timestamp":1752570363.262682,"…
2:01:00 AM [express] POST /api/python/data/timestamp 200 in 15ms :: {"timestamp":1752570363.462682,"…
2:01:00 AM [express] POST /api/python/data/timestamp 200 in 17ms :: {"timestamp":1752570363.562682,"…
2:01:00 AM [express] POST /api/python/data/timestamp 200 in 16ms :: {"timestamp":1752570363.762682,"…
2:01:00 AM [express] POST /api/python/data/timestamp 200 in 17ms :: {"timestamp":1752570364.062682,"…
2:01:01 AM [express] POST /api/python/data/timestamp 200 in 16ms :: {"timestamp":1752570364.462682,"…
2:01:01 AM [express] POST /api/python/data/timestamp 200 in 15ms :: {"timestamp":1752570364.8626819,…
2:01:01 AM [express] POST /api/python/data/timestamp 200 in 15ms :: {"timestamp":1752570364.962682,"…
2:01:02 AM [express] POST /api/python/data/timestamp 200 in 21ms :: {"timestamp":1752570365.262682,"…
2:01:15 AM [express] POST /api/python/data/timestamp 200 in 17ms :: {"timestamp":1752570369.562682,"…
2:01:17 AM [express] POST /api/python/data/timestamp 200 in 16ms :: {"timestamp":1752570370.262682,"…
2:01:46 AM [express] POST /api/python/data/timestamp 200 in 17ms :: {"timestamp":1752570364.6626818,…
2:01:46 AM [express] POST /api/python/data/timestamp 200 in 18ms :: {"timestamp":1752570364.762682,"…
2:01:47 AM [express] POST /api/python/data/timestamp 200 in 2ms :: {"timestamp":1752570364.962682,"d…
2:01:48 AM [express] POST /api/python/data/timestamp 200 in 16ms :: {"timestamp":1752570365.1626818,…
2:01:52 AM [express] POST /api/python/data/timestamp 200 in 16ms :: {"timestamp":1752570366.562682,"…
2:01:52 AM [express] POST /api/python/data/timestamp 200 in 16ms :: {"timestamp":1752570366.762682,"…
2:01:53 AM [express] POST /api/python/data/timestamp 200 in 14ms :: {"timestamp":1752570366.8626819,…
2:01:53 AM [express] POST /api/python/data/timestamp 200 in 16ms :: {"timestamp":1752570366.962682,"…
2:01:53 AM [express] POST /api/python/data/timestamp 200 in 15ms :: {"timestamp":1752570367.1626818,…
2:01:53 AM [express] POST /api/python/data/timestamp 200 in 16ms :: {"timestamp":1752570367.262682,"…
2:01:53 AM [express] POST /api/python/data/timestamp 200 in 17ms :: {"timestamp":1752570367.3626819,…
2:01:53 AM [express] POST /api/python/data/timestamp 200 in 19ms :: {"timestamp":1752570367.462682,"…
2:01:53 AM [express] POST /api/python/data/timestamp 200 in 17ms :: {"timestamp":1752570367.562682,"…
2:01:54 AM [express] POST /api/python/data/timestamp 200 in 16ms :: {"timestamp":1752570367.962682,"…
2:01:54 AM [express] POST /api/python/data/timestamp 200 in 15ms :: {"timestamp":1752570368.062682,"…
2:01:54 AM [express] POST /api/python/data/timestamp 200 in 16ms :: {"timestamp":1752570368.1626818,…
2:01:54 AM [express] POST /api/python/data/timestamp 200 in 14ms :: {"timestamp":1752570368.3626819,…
2:01:54 AM [express] POST /api/python/data/timestamp 200 in 15ms :: {"timestamp":1752570368.562682,"…
2:01:54 AM [express] POST /api/python/data/timestamp 200 in 17ms :: {"timestamp":1752570368.6626818,…
2:01:55 AM [express] POST /api/python/data/timestamp 200 in 15ms :: {"timestamp":1752570368.8626819,…
2:01:55 AM [express] POST /api/python/data/timestamp 200 in 14ms :: {"timestamp":1752570368.962682,"…
2:01:55 AM [express] POST /api/python/data/timestamp 200 in 15ms :: {"timestamp":1752570369.062682,"…
2:01:55 AM [express] POST /api/python/data/timestamp 200 in 14ms :: {"timestamp":1752570369.1626818,…
2:01:55 AM [express] POST /api/python/data/timestamp 200 in 15ms :: {"timestamp":1752570369.262682,"…
2:01:55 AM [express] POST /api/python/data/timestamp 200 in 14ms :: {"timestamp":1752570369.3626819,…
2:01:55 AM [express] POST /api/python/data/timestamp 200 in 14ms :: {"timestamp":1752570369.462682,"…
2:01:55 AM [express] POST /api/python/data/timestamp 200 in 1ms :: {"timestamp":1752570369.562682,"d…
2:01:55 AM [express] POST /api/python/data/timestamp 200 in 14ms :: {"timestamp":1752570369.6626818,…
2:01:56 AM [express] POST /api/python/data/timestamp 200 in 15ms :: {"timestamp":1752570369.8626819,…
2:01:56 AM [express] POST /api/python/data/timestamp 200 in 13ms :: {"timestamp":1752570369.962682,"…
2:01:56 AM [express] POST /api/python/data/timestamp 200 in 15ms :: {"timestamp":1752570370.1626818,…
2:01:56 AM [express] POST /api/python/data/timestamp 200 in 1ms :: {"timestamp":1752570370.262682,"d…
2:01:56 AM [express] POST /api/python/data/timestamp 200 in 15ms :: {"timestamp":1752570370.3626819,…
2:01:56 AM [express] POST /api/python/data/timestamp 200 in 14ms :: {"timestamp":1752570370.562682,"…
2:01:56 AM [express] POST /api/python/data/timestamp 200 in 15ms :: {"timestamp":1752570370.6626818,…
2:01:57 AM [express] POST /api/python/data/timestamp 200 in 15ms :: {"timestamp":1752570370.962682,"…
2:01:57 AM [express] POST /api/python/data/timestamp 200 in 16ms :: {"timestamp":1752570371.062682,"…
2:01:57 AM [express] POST /api/python/data/timestamp 200 in 15ms :: {"timestamp":1752570371.1626818,…
2:01:57 AM [express] POST /api/python/data/timestamp 200 in 14ms :: {"timestamp":1752570371.6626818,…
2:01:57 AM [express] POST /api/python/data/timestamp 200 in 14ms :: {"timestamp":1752570371.762682,"…
2:01:58 AM [express] POST /api/python/data/timestamp 200 in 13ms :: {"timestamp":1752570371.8626819,…
2:01:58 AM [express] POST /api/python/data/timestamp 200 in 15ms :: {"timestamp":1752570372.262682,"…
2:01:58 AM [express] POST /api/python/data/timestamp 200 in 13ms :: {"timestamp":1752570372.3626819,…
2:01:58 AM [express] POST /api/python/data/timestamp 200 in 13ms :: {"timestamp":1752570372.462682,"…
2:01:58 AM [express] POST /api/python/data/timestamp 200 in 15ms :: {"timestamp":1752570372.562682,"…
2:01:58 AM [express] POST /api/python/data/timestamp 200 in 14ms :: {"timestamp":1752570372.6626818,…
2:01:59 AM [express] POST /api/python/data/timestamp 200 in 13ms :: {"timestamp":1752570372.962682,"…
2:01:59 AM [express] POST /api/python/data/timestamp 200 in 14ms :: {"timestamp":1752570373.1626818,…
2:01:59 AM [express] POST /api/python/data/timestamp 200 in 14ms :: {"timestamp":1752570373.262682,"…
2:01:59 AM [express] POST /api/python/data/timestamp 200 in 13ms :: {"timestamp":1752570373.462682,"…
2:01:59 AM [express] POST /api/python/data/timestamp 200 in 14ms :: {"timestamp":1752570373.562682,"…
2:01:59 AM [express] POST /api/python/data/timestamp 200 in 14ms :: {"timestamp":1752570373.6626818,…
2:01:59 AM [express] POST /api/python/data/timestamp 200 in 14ms :: {"timestamp":1752570373.762682,"…
2:02:00 AM [express] POST /api/python/data/timestamp 200 in 14ms :: {"timestamp":1752570373.8626819,…
2:02:00 AM [express] POST /api/python/data/timestamp 200 in 15ms :: {"timestamp":1752570373.962682,"…
2:02:00 AM [express] POST /api/python/data/timestamp 200 in 15ms :: {"timestamp":1752570374.062682,"…
2:02:00 AM [express] POST /api/python/data/timestamp 200 in 14ms :: {"timestamp":1752570374.1626818,…
2:02:00 AM [express] POST /api/python/data/timestamp 200 in 14ms :: {"timestamp":1752570374.262682,"…
2:02:00 AM [express] POST /api/python/data/timestamp 200 in 15ms :: {"timestamp":1752570374.3626819,…
2:02:00 AM [express] POST /api/python/data/timestamp 200 in 15ms :: {"timestamp":1752570374.462682,"…
2:02:00 AM [express] POST /api/python/data/timestamp 200 in 14ms :: {"timestamp":1752570374.6626818,…
2:02:01 AM [express] POST /api/python/data/timestamp 200 in 14ms :: {"timestamp":1752570374.8626819,…
2:02:01 AM [express] POST /api/python/data/timestamp 200 in 14ms :: {"timestamp":1752570374.962682,"…
2:02:01 AM [express] POST /api/python/data/timestamp 200 in 20ms :: {"timestamp":1752570375.1626818,…
2:02:01 AM [express] POST /api/python/data/timestamp 200 in 14ms :: {"timestamp":1752570375.262682,"…
2:02:01 AM [express] POST /api/python/data/timestamp 200 in 14ms :: {"timestamp":1752570375.462682,"…
2:02:01 AM [express] POST /api/python/data/timestamp 200 in 13ms :: {"timestamp":1752570375.562682,"…
2:02:01 AM [express] POST /api/python/data/timestamp 200 in 13ms :: {"timestamp":1752570375.6626818,…
2:02:01 AM [express] POST /api/python/data/timestamp 200 in 13ms :: {"timestamp":1752570375.762682,"…
2:02:02 AM [express] POST /api/python/data/timestamp 200 in 13ms :: {"timestamp":1752570362.762682,"…
2:02:02 AM [express] POST /api/python/data/timestamp 200 in 13ms :: {"timestamp":1752570362.8626819,…
2:02:02 AM [express] POST /api/python/data/timestamp 200 in 2ms :: {"timestamp":1752570362.962682,"d…
2:02:02 AM [express] POST /api/python/data/timestamp 200 in 13ms :: {"timestamp":1752570362.3626819,…
2:02:03 AM [express] POST /api/python/data/timestamp 200 in 13ms :: {"timestamp":1752570362.562682,"…
2:02:03 AM [express] POST /api/python/data/timestamp 200 in 2ms :: {"timestamp":1752570362.6626818,"…
2:02:03 AM [express] POST /api/python/data/timestamp 200 in 2ms :: {"timestamp":1752570362.962682,"d…
2:02:03 AM [express] POST /api/python/data/timestamp 200 in 19ms :: {"timestamp":1752570363.3626819,…
2:02:03 AM [express] POST /api/python/data/timestamp 200 in 2ms :: {"timestamp":1752570363.462682,"d…
2:02:04 AM [express] POST /api/python/data/timestamp 200 in 2ms :: {"timestamp":1752570363.562682,"d…
2:02:04 AM [express] POST /api/python/data/timestamp 200 in 15ms :: {"timestamp":1752570363.6626818,…
2:02:04 AM [express] POST /api/python/data/timestamp 200 in 2ms :: {"timestamp":1752570363.762682,"d…
2:02:04 AM [express] POST /api/python/data/timestamp 200 in 16ms :: {"timestamp":1752570363.8626819,…
2:02:04 AM [express] POST /api/python/data/timestamp 200 in 14ms :: {"timestamp":1752570364.1626818,…
2:02:04 AM [express] POST /api/python/data/timestamp 200 in 15ms :: {"timestamp":1752570364.262682,"…
2:02:04 AM [express] POST /api/python/data/timestamp 200 in 2ms :: {"timestamp":1752570364.462682,"d…
2:02:05 AM [express] POST /api/python/data/timestamp 200 in 15ms :: {"timestamp":1752570364.562682,"…
2:02:05 AM [express] POST /api/python/data/timestamp 200 in 2ms :: {"timestamp":1752570364.8626819,"…
2:02:05 AM [express] POST /api/python/data/timestamp 200 in 2ms :: {"timestamp":1752570364.962682,"d…
2:02:05 AM [express] POST /api/python/data/timestamp 200 in 14ms :: {"timestamp":1752570365.062682,"…
2:02:05 AM [express] POST /api/python/data/timestamp 200 in 15ms :: {"timestamp":1752570365.3626819,…
2:02:06 AM [express] POST /api/python/data/timestamp 200 in 15ms :: {"timestamp":1752570365.6626818,…
2:02:06 AM [express] POST /api/python/data/timestamp 200 in 15ms :: {"timestamp":1752570365.762682,"…
2:02:06 AM [express] POST /api/python/data/timestamp 200 in 15ms :: {"timestamp":1752570365.962682,"…
2:02:06 AM [express] POST /api/python/data/timestamp 200 in 15ms :: {"timestamp":1752570366.1626818,…
2:02:06 AM [express] POST /api/python/data/timestamp 200 in 15ms :: {"timestamp":1752570366.262682,"…
2:02:06 AM [express] POST /api/python/data/timestamp 200 in 15ms :: {"timestamp":1752570366.3626819,…
2:02:06 AM [express] POST /api/python/data/timestamp 200 in 15ms :: {"timestamp":1752570366.462682,"…
2:02:07 AM [express] POST /api/python/data/timestamp 200 in 2ms :: {"timestamp":1752570366.562682,"d…
2:02:07 AM [express] POST /api/python/data/timestamp 200 in 14ms :: {"timestamp":1752570366.6626818,…
2:02:07 AM [express] POST /api/python/data/timestamp 200 in 2ms :: {"timestamp":1752570366.762682,"d…
2:02:07 AM [express] POST /api/python/data/timestamp 200 in 15ms :: {"timestamp":1752570367.062682,"…
2:02:07 AM [express] POST /api/python/data/timestamp 200 in 2ms :: {"timestamp":1752570367.262682,"d…
2:02:07 AM [express] POST /api/python/data/timestamp 200 in 2ms :: {"timestamp":1752570367.3626819,"…
2:02:07 AM [express] POST /api/python/data/timestamp 200 in 2ms :: {"timestamp":1752570367.462682,"d…
2:02:08 AM [express] POST /api/python/data/timestamp 200 in 15ms :: {"timestamp":1752570367.762682,"…
2:02:08 AM [express] POST /api/python/data/timestamp 200 in 2ms :: {"timestamp":1752570368.1626818,"…
2:02:08 AM [express] POST /api/python/data/timestamp 200 in 2ms :: {"timestamp":1752570368.3626819,"…
2:02:08 AM [express] POST /api/python/data/timestamp 200 in 16ms :: {"timestamp":1752570368.462682,"…
2:02:09 AM [express] POST /api/python/data/timestamp 200 in 2ms :: {"timestamp":1752570368.562682,"d…
2:02:09 AM [express] POST /api/python/data/timestamp 200 in 2ms :: {"timestamp":1752570368.6626818,"…
2:02:09 AM [express] POST /api/python/data/timestamp 200 in 2ms :: {"timestamp":1752570368.962682,"d…
2:02:09 AM [express] POST /api/python/data/timestamp 200 in 2ms :: {"timestamp":1752570369.062682,"d…
2:02:09 AM [express] POST /api/python/data/timestamp 200 in 1ms :: {"timestamp":1752570369.1626818,"…
2:02:09 AM [express] POST /api/python/data/timestamp 200 in 2ms :: {"timestamp":1752570369.262682,"d…
2:02:09 AM [express] POST /api/python/data/timestamp 200 in 2ms :: {"timestamp":1752570369.3626819,"…
2:02:09 AM [express] POST /api/python/data/timestamp 200 in 2ms :: {"timestamp":1752570369.462682,"d…
2:02:10 AM [express] POST /api/python/data/timestamp 200 in 2ms :: {"timestamp":1752570369.562682,"d…
2:02:10 AM [express] POST /api/python/data/timestamp 200 in 2ms :: {"timestamp":1752570369.6626818,"…
2:02:10 AM [express] POST /api/python/data/timestamp 200 in 14ms :: {"timestamp":1752570369.762682,"…
2:02:10 AM [express] POST /api/python/data/timestamp 200 in 2ms :: {"timestamp":1752570369.8626819,"…
2:02:10 AM [express] POST /api/python/data/timestamp 200 in 2ms :: {"timestamp":1752570369.962682,"d…
2:02:10 AM [express] POST /api/python/data/timestamp 200 in 15ms :: {"timestamp":1752570370.062682,"…
2:02:10 AM [express] POST /api/python/data/timestamp 200 in 3ms :: {"timestamp":1752570370.1626818,"…
2:02:10 AM [express] POST /api/python/data/timestamp 200 in 2ms :: {"timestamp":1752570370.262682,"d…
2:02:10 AM [express] POST /api/python/data/timestamp 200 in 2ms :: {"timestamp":1752570370.3626819,"…
2:02:10 AM [express] POST /api/python/data/timestamp 200 in 15ms :: {"timestamp":1752570370.462682,"…
2:02:11 AM [express] POST /api/python/data/timestamp 200 in 1ms :: {"timestamp":1752570370.562682,"d…
2:02:11 AM [express] POST /api/python/data/timestamp 200 in 2ms :: {"timestamp":1752570370.6626818,"…
2:02:11 AM [express] POST /api/python/data/timestamp 200 in 14ms :: {"timestamp":1752570370.762682,"…
2:02:11 AM [express] POST /api/python/data/timestamp 200 in 14ms :: {"timestamp":1752570370.8626819,…
2:02:11 AM [express] POST /api/python/data/timestamp 200 in 1ms :: {"timestamp":1752570370.962682,"d…
2:02:11 AM [express] POST /api/python/data/timestamp 200 in 1ms :: {"timestamp":1752570371.062682,"d…
2:02:11 AM [express] POST /api/python/data/timestamp 200 in 2ms :: {"timestamp":1752570371.1626818,"…
2:02:11 AM [express] POST /api/python/data/timestamp 200 in 15ms :: {"timestamp":1752570371.3626819,…
2:02:12 AM [express] POST /api/python/data/timestamp 200 in 15ms :: {"timestamp":1752570371.562682,"…
2:02:12 AM [express] POST /api/python/data/timestamp 200 in 2ms :: {"timestamp":1752570371.762682,"d…
2:02:12 AM [express] POST /api/python/data/timestamp 200 in 2ms :: {"timestamp":1752570371.8626819,"…
2:02:12 AM [express] POST /api/python/data/timestamp 200 in 15ms :: {"timestamp":1752570371.962682,"…
2:02:12 AM [express] POST /api/python/data/timestamp 200 in 17ms :: {"timestamp":1752570372.062682,"…
2:02:12 AM [express] POST /api/python/data/timestamp 200 in 15ms :: {"timestamp":1752570372.1626818,…
2:02:12 AM [express] POST /api/python/data/timestamp 200 in 3ms :: {"timestamp":1752570372.3626819,"…
2:02:12 AM [express] POST /api/python/data/timestamp 200 in 2ms :: {"timestamp":1752570372.462682,"d…
2:02:13 AM [express] POST /api/python/data/timestamp 200 in 2ms :: {"timestamp":1752570372.562682,"d…
2:02:13 AM [express] POST /api/python/data/timestamp 200 in 3ms :: {"timestamp":1752570372.6626818,"…
2:02:13 AM [express] POST /api/python/data/timestamp 200 in 16ms :: {"timestamp":1752570372.8626819,…
2:02:13 AM [express] POST /api/python/data/timestamp 200 in 4ms :: {"timestamp":1752570373.1626818,"…
2:02:13 AM [express] POST /api/python/data/timestamp 200 in 15ms :: {"timestamp":1752570373.3626819,…
2:02:14 AM [express] POST /api/python/data/timestamp 200 in 2ms :: {"timestamp":1752570373.6626818,"…
2:02:14 AM [express] POST /api/python/data/timestamp 200 in 2ms :: {"timestamp":1752570373.762682,"d…
2:02:14 AM [express] POST /api/python/data/timestamp 200 in 2ms :: {"timestamp":1752570373.962682,"d…
2:02:14 AM [express] POST /api/python/data/timestamp 200 in 2ms :: {"timestamp":1752570374.1626818,"…
2:02:14 AM [express] POST /api/python/data/timestamp 200 in 1ms :: {"timestamp":1752570374.462682,"d…
2:02:15 AM [express] POST /api/python/data/timestamp 200 in 1ms :: {"timestamp":1752570374.6626818,"…
2:02:15 AM [express] POST /api/python/data/timestamp 200 in 13ms :: {"timestamp":1752570374.762682,"…
2:02:15 AM [express] POST /api/python/data/timestamp 200 in 22ms :: {"timestamp":1752570375.062682,"…
2:02:15 AM [express] POST /api/python/data/timestamp 200 in 3ms :: {"timestamp":1752570375.262682,"d…
2:02:16 AM [express] POST /api/python/data/timestamp 200 in 1ms :: {"timestamp":1752570375.562682,"d…
2:02:16 AM [express] POST /api/python/data/timestamp 200 in 2ms :: {"timestamp":1752570375.6626818,"…
2:02:16 AM [express] POST /api/python/data/timestamp 200 in 14ms :: {"timestamp":1752570375.8626819,…
2:02:16 AM [express] POST /api/python/data/timestamp 200 in 15ms :: {"timestamp":1752570376.062682,"…
2:02:16 AM [express] POST /api/python/data/timestamp 200 in 15ms :: {"timestamp":1752570376.262682,"…
2:02:17 AM [express] POST /api/python/data/timestamp 200 in 15ms :: {"timestamp":1752570376.562682,"…
2:02:18 AM [express] POST /api/python/data/timestamp 200 in 16ms :: {"timestamp":1752570376.962682,"…
2:02:18 AM [express] POST /api/python/data/timestamp 200 in 16ms :: {"timestamp":1752570377.262682,"…
2:02:19 AM [express] POST /api/python/data/timestamp 200 in 16ms :: {"timestamp":1752570377.3626819,…
2:02:19 AM [express] POST /api/python/data/timestamp 200 in 17ms :: {"timestamp":1752570377.562682,"…
2:02:19 AM [express] POST /api/python/data/timestamp 200 in 16ms :: {"timestamp":1752570377.6626818,…
2:02:19 AM [express] POST /api/python/data/timestamp 200 in 17ms :: {"timestamp":1752570377.8626819,…
2:02:20 AM [express] POST /api/python/data/timestamp 200 in 20ms :: {"timestamp":1752570378.062682,"…
2:02:32 AM [express] GET /api/plugins 200 in 3ms
2:02:41 AM [express] POST /api/plugins 200 in 2ms
2:02:41 AM [express] GET /api/plugins 200 in 2ms
2:02:51 AM [express] GET /api/trajectory/null 304 in 64ms :: {"success":true,"trajectory":[{"timesta…
2:02:51 AM [express] POST /api/python/data/timestamp 200 in 5ms :: {"timestamp":1752570362.062682,"d…
2:03:02 AM [express] POST /api/python/data/timestamp 200 in 3ms :: {"timestamp":1752570363.3626819,"…
2:03:03 AM [express] POST /api/python/data/timestamp 200 in 2ms :: {"timestamp":1752570363.6626818,"…
2:03:04 AM [express] POST /api/python/data/timestamp 200 in 3ms :: {"timestamp":1752570363.762682,"d…
2:03:17 AM [express] POST /api/python/data/timestamp 200 in 3ms :: {"timestamp":1752570367.762682,"d…
2:05:59 AM [vite] hmr update /src/index.css?v=iBwmQxGhEBgzuqs6Td6QN, /src/pages/debug-player.tsx
2:06:24 AM [vite] hmr update /src/index.css?v=iBwmQxGhEBgzuqs6Td6QN, /src/pages/debug-player.tsx
2:22:14 AM [vite] page reload src/components/widget-wizard/__tests__/widget-wizard.test.tsx
2:22:19 AM [vite] page reload src/components/widget-wizard/__tests__/widget-manager.test.tsx
2:23:18 AM [vite] page reload src/components/widget-wizard/__tests__/widget-engine.test.ts
2:23:31 AM [vite] page reload src/components/widget-wizard/__tests__/widget-engine.test.ts
2:23:44 AM [vite] page reload src/components/widget-wizard/__tests__/widget-engine.test.ts
Loading data: original path="/home/thh3/data/trips/2025-07-15T12_06_02", python backend path="/home/thh3/data/trips/2025-07-15T12_06_02"
7:10:29 AM [express] POST /api/python/load-data 200 in 10228ms :: {"success":true,"plugin_name":"Tri…
7:10:29 AM [express] POST /api/python/data/timestamp 200 in 4ms :: {"timestamp":9999999999,"data":{"…
7:15:16 AM [vite] page reload src/components/widget-wizard/__tests__/widget-templates.test.ts
7:16:34 AM [vite] page reload src/components/widget-wizard/__tests__/widget-manager.test.tsx
7:16:48 AM [vite] page reload src/components/widget-wizard/__tests__/widget-wizard.test.tsx
8:30:23 PM [vite] hmr update /src/index.css?v=iBwmQxGhEBgzuqs6Td6QN, /src/pages/debug-player.tsx
8:31:11 PM [express] GET /api/trajectory/null 200 in 40ms :: {"success":true,"trajectory":[{"timesta…
8:31:11 PM [express] POST /api/python/data/timestamp 200 in 56ms :: {"timestamp":1752570362.062682,"…
8:31:11 PM [express] POST /api/python/data/timestamp 200 in 20ms :: {"timestamp":1752570362.1626818,…
8:31:11 PM [express] POST /api/python/data/timestamp 200 in 32ms :: {"timestamp":1752570362.3626819,…
8:31:11 PM [express] POST /api/python/data/timestamp 200 in 45ms :: {"timestamp":1752570362.562682,"…
8:31:21 PM [express] GET /api/trajectory/null 200 in 28ms :: {"success":true,"trajectory":[{"timesta…
8:31:21 PM [express] POST /api/python/data/timestamp 200 in 43ms :: {"timestamp":1752570362.062682,"…
8:31:22 PM [express] POST /api/python/data/timestamp 200 in 3ms :: {"timestamp":1752570362.1626818,"…
8:31:22 PM [express] POST /api/python/data/timestamp 200 in 3ms :: {"timestamp":1752570362.3626819,"…
8:31:22 PM [express] POST /api/python/data/timestamp 200 in 4ms :: {"timestamp":1752570362.562682,"d…
8:31:42 PM [express] GET /api/trajectory/null 200 in 24ms :: {"success":true,"trajectory":[{"timesta…
8:31:42 PM [express] POST /api/python/data/timestamp 200 in 36ms :: {"timestamp":1752570362.062682,"…
8:31:42 PM [express] POST /api/python/data/timestamp 200 in 3ms :: {"timestamp":1752570362.1626818,"…
8:31:42 PM [express] POST /api/python/data/timestamp 200 in 4ms :: {"timestamp":1752570362.3626819,"…
8:31:42 PM [express] POST /api/python/data/timestamp 200 in 4ms :: {"timestamp":1752570362.562682,"d…
Loading data: original path="/home/thh3/data/trips/2025-07-15T12_06_02", python backend path="/home/thh3/data/trips/2025-07-15T12_06_02"
9:38:13 PM [express] POST /api/python/load-data 200 in 10117ms :: {"success":true,"plugin_name":"Tri…
9:38:37 PM [express] GET /api/health 200 in 0ms :: {"status":"healthy","timestamp":"2025-07-22T18:38…
9:38:38 PM [express] GET /api/health 200 in 0ms :: {"status":"healthy","timestamp":"2025-07-22T18:38…
Loading data: original path="/home/thh3/data/trips/2025-07-15T12_06_02", python backend path="/home/thh3/data/trips/2025-07-15T12_06_02"
9:38:48 PM [express] POST /api/python/load-data 200 in 10267ms :: {"success":true,"plugin_name":"Tri…
9:38:50 PM [express] GET /api/trajectory/999999 200 in 24ms :: {"success":true,"trajectory":[{"times…
9:38:50 PM [express] POST /api/python/data/timestamp 200 in 5ms :: {"timestamp":9999999999,"data":{"…
9:39:38 PM [express] GET /api/health 200 in 0ms :: {"status":"healthy","timestamp":"2025-07-22T18:39…
9:39:39 PM [express] GET /api/health 200 in 0ms :: {"status":"healthy","timestamp":"2025-07-22T18:39…
Loading data: original path="/home/thh3/data/trips/2025-07-15T12_06_02", python backend path="/home/thh3/data/trips/2025-07-15T12_06_02"
9:39:51 PM [express] POST /api/python/load-data 200 in 11585ms :: {"success":true,"plugin_name":"Tri…
Creating mock session: {
  id: 1753209591153,
  name: 'Integration Test Session',
  filePath: '/home/thh3/data/trips/2025-07-15T12_06_02',
  filename: '2025-07-15T12_06_02',
  fileSize: 1024000,
  duration: 176.17401814460754,
  frequency: 10,
  signalCount: 54,
  userId: 1,
  createdAt: '2025-07-22T18:39:51.153Z'
}
9:39:51 PM [express] POST /api/sessions 200 in 2ms :: {"id":1753209591153,"name":"Integration Test S…
9:39:51 PM [express] GET /api/trajectory/1753209591153 200 in 39ms :: {"success":true,"trajectory":[…
9:39:51 PM [express] POST /api/python/data/timestamp 200 in 17ms :: {"timestamp":1752570362.062682,"…
9:39:51 PM [express] GET /api/sessions/1753209591153 200 in 0ms :: {"id":1753209591153,"name":"Mock …
9:39:51 PM [express] GET /api/trajectory/1753209591153 200 in 26ms :: {"success":true,"trajectory":[…
9:39:51 PM [express] POST /api/python/data/timestamp 200 in 10ms :: {"timestamp":1752570362.092851,"…
9:39:51 PM [express] POST /api/python/data/timestamp 200 in 10ms :: {"timestamp":1752570381.6631799,…
9:39:51 PM [express] POST /api/python/data/timestamp 200 in 9ms :: {"timestamp":1752570401.2335088,"…
9:39:51 PM [express] POST /api/python/data/timestamp 200 in 10ms :: {"timestamp":1752570420.8038375,…
9:39:51 PM [express] POST /api/python/data/timestamp 200 in 10ms :: {"timestamp":1752570440.3741665,…
9:39:51 PM [express] POST /api/python/data/timestamp 200 in 11ms :: {"timestamp":1752570459.9444954,…
9:39:51 PM [express] POST /api/python/data/timestamp 200 in 8ms :: {"timestamp":1752570479.5148244,"…
9:39:51 PM [express] POST /api/python/data/timestamp 200 in 11ms :: {"timestamp":1752570499.085153,"…
9:39:51 PM [express] POST /api/python/data/timestamp 200 in 15ms :: {"timestamp":1752570518.655482,"…
9:39:51 PM [express] POST /api/python/data/timestamp 200 in 10ms :: {"timestamp":1752570538.225811,"…
9:39:51 PM [express] POST /api/python/data/timestamp 200 in 8ms :: {"timestamp":1752570362.062682,"d…
9:39:51 PM [express] POST /api/python/data/timestamp 200 in 9ms :: {"timestamp":1752570371.3349986,"…
9:39:51 PM [express] POST /api/python/data/timestamp 200 in 7ms :: {"timestamp":1752570380.6073153,"…
9:39:51 PM [express] POST /api/python/data/timestamp 200 in 8ms :: {"timestamp":1752570389.8796322,"…
9:39:51 PM [express] POST /api/python/data/timestamp 200 in 7ms :: {"timestamp":1752570399.151949,"d…
9:39:51 PM [express] POST /api/python/data/timestamp 200 in 8ms :: {"timestamp":1752570408.4242656,"…
9:39:51 PM [express] POST /api/python/data/timestamp 200 in 7ms :: {"timestamp":1752570417.6965823,"…
9:39:51 PM [express] POST /api/python/data/timestamp 200 in 7ms :: {"timestamp":1752570426.968899,"d…
9:39:51 PM [express] POST /api/python/data/timestamp 200 in 7ms :: {"timestamp":1752570436.241216,"d…
9:39:51 PM [express] POST /api/python/data/timestamp 200 in 8ms :: {"timestamp":1752570445.5135326,"…
9:39:51 PM [express] POST /api/python/data/timestamp 200 in 6ms :: {"timestamp":1752570454.7858493,"…
9:39:51 PM [express] POST /api/python/data/timestamp 200 in 8ms :: {"timestamp":1752570464.058166,"d…
9:39:51 PM [express] POST /api/python/data/timestamp 200 in 8ms :: {"timestamp":1752570473.330483,"d…
9:39:51 PM [express] POST /api/python/data/timestamp 200 in 10ms :: {"timestamp":1752570482.6027997,…
9:39:51 PM [express] POST /api/python/data/timestamp 200 in 8ms :: {"timestamp":1752570491.8751163,"…
9:39:51 PM [express] POST /api/python/data/timestamp 200 in 9ms :: {"timestamp":1752570501.147433,"d…
9:39:51 PM [express] POST /api/python/data/timestamp 200 in 7ms :: {"timestamp":1752570510.4197497,"…
9:39:51 PM [express] POST /api/python/data/timestamp 200 in 7ms :: {"timestamp":1752570519.6920667,"…
9:39:51 PM [express] POST /api/python/data/timestamp 200 in 6ms :: {"timestamp":1752570528.9643834,"…
9:39:51 PM [express] POST /api/python/data/timestamp 200 in 8ms :: {"timestamp":1752570538.2367,"dat…
9:39:51 PM [express] GET /api/trajectory/999999 200 in 23ms :: {"success":true,"trajectory":[{"times…
9:39:51 PM [express] POST /api/python/data/timestamp 200 in 2ms :: {"timestamp":9999999999,"data":{"…
9:39:51 PM [express] POST /api/python/data/timestamp 200 in 1ms :: {"timestamp":1752570362.062682,"d…
9:40:13 PM [express] GET /api/health 200 in 0ms :: {"status":"healthy","timestamp":"2025-07-22T18:40…
9:40:14 PM [express] GET /api/health 200 in 0ms :: {"status":"healthy","timestamp":"2025-07-22T18:40…
Loading data: original path="/home/thh3/data/trips/2025-07-15T12_06_02", python backend path="/home/thh3/data/trips/2025-07-15T12_06_02"
9:40:25 PM [express] POST /api/python/load-data 200 in 11286ms :: {"success":true,"plugin_name":"Tri…
Creating mock session: {
  id: 1753209625498,
  name: 'Integration Test Session',
  filePath: '/home/thh3/data/trips/2025-07-15T12_06_02',
  filename: '2025-07-15T12_06_02',
  fileSize: 1024000,
  duration: 176.17401814460754,
  frequency: 10,
  signalCount: 54,
  userId: 1,
  createdAt: '2025-07-22T18:40:25.498Z'
}
9:40:25 PM [express] POST /api/sessions 200 in 0ms :: {"id":1753209625498,"name":"Integration Test S…
9:40:25 PM [express] GET /api/trajectory/1753209625498 200 in 23ms :: {"success":true,"trajectory":[…
9:40:25 PM [express] POST /api/python/data/timestamp 200 in 2ms :: {"timestamp":1752570362.062682,"d…
9:40:25 PM [express] POST /api/python/data/timestamp 200 in 14ms :: {"timestamp":1752570406.1061864,…
9:40:25 PM [express] POST /api/python/data/timestamp 200 in 15ms :: {"timestamp":1752570450.149691,"…
9:40:25 PM [express] POST /api/python/data/timestamp 200 in 14ms :: {"timestamp":1752570494.1931956,…
9:40:25 PM [express] POST /api/python/data/timestamp 200 in 14ms :: {"timestamp":1752570536.4749599,…
9:40:25 PM [express] GET /api/sessions/1753209625498 200 in 0ms :: {"id":1753209625498,"name":"Mock …
9:40:25 PM [express] GET /api/trajectory/1753209625498 200 in 44ms :: {"success":true,"trajectory":[…
9:40:25 PM [express] POST /api/python/data/timestamp 200 in 1ms :: {"timestamp":1752570362.092851,"d…
9:40:25 PM [express] POST /api/python/data/timestamp 200 in 1ms :: {"timestamp":1752570381.6631799,"…
9:40:25 PM [express] POST /api/python/data/timestamp 200 in 1ms :: {"timestamp":1752570401.2335088,"…
9:40:25 PM [express] POST /api/python/data/timestamp 200 in 2ms :: {"timestamp":1752570420.8038375,"…
9:40:25 PM [express] POST /api/python/data/timestamp 200 in 1ms :: {"timestamp":1752570440.3741665,"…
9:40:25 PM [express] POST /api/python/data/timestamp 200 in 3ms :: {"timestamp":1752570459.9444954,"…
9:40:25 PM [express] POST /api/python/data/timestamp 200 in 3ms :: {"timestamp":1752570479.5148244,"…
9:40:25 PM [express] POST /api/python/data/timestamp 200 in 2ms :: {"timestamp":1752570499.085153,"d…
9:40:25 PM [express] POST /api/python/data/timestamp 200 in 2ms :: {"timestamp":1752570518.655482,"d…
9:40:25 PM [express] POST /api/python/data/timestamp 200 in 1ms :: {"timestamp":1752570538.225811,"d…
9:40:25 PM [express] POST /api/python/data/timestamp 200 in 2ms :: {"timestamp":1752570362.062682,"d…
9:40:25 PM [express] POST /api/python/data/timestamp 200 in 1ms :: {"timestamp":1752570371.3349986,"…
9:40:25 PM [express] POST /api/python/data/timestamp 200 in 1ms :: {"timestamp":1752570380.6073153,"…
9:40:25 PM [express] POST /api/python/data/timestamp 200 in 3ms :: {"timestamp":1752570389.8796322,"…
9:40:25 PM [express] POST /api/python/data/timestamp 200 in 2ms :: {"timestamp":1752570399.151949,"d…
9:40:25 PM [express] POST /api/python/data/timestamp 200 in 2ms :: {"timestamp":1752570408.4242656,"…
9:40:25 PM [express] POST /api/python/data/timestamp 200 in 2ms :: {"timestamp":1752570417.6965823,"…
9:40:25 PM [express] POST /api/python/data/timestamp 200 in 2ms :: {"timestamp":1752570426.968899,"d…
9:40:25 PM [express] POST /api/python/data/timestamp 200 in 2ms :: {"timestamp":1752570436.241216,"d…
9:40:25 PM [express] POST /api/python/data/timestamp 200 in 1ms :: {"timestamp":1752570445.5135326,"…
9:40:25 PM [express] POST /api/python/data/timestamp 200 in 1ms :: {"timestamp":1752570454.7858493,"…
9:40:25 PM [express] POST /api/python/data/timestamp 200 in 2ms :: {"timestamp":1752570464.058166,"d…
9:40:25 PM [express] POST /api/python/data/timestamp 200 in 1ms :: {"timestamp":1752570473.330483,"d…
9:40:25 PM [express] POST /api/python/data/timestamp 200 in 1ms :: {"timestamp":1752570482.6027997,"…
9:40:25 PM [express] POST /api/python/data/timestamp 200 in 1ms :: {"timestamp":1752570491.8751163,"…
9:40:25 PM [express] POST /api/python/data/timestamp 200 in 2ms :: {"timestamp":1752570501.147433,"d…
9:40:25 PM [express] POST /api/python/data/timestamp 200 in 2ms :: {"timestamp":1752570510.4197497,"…
9:40:25 PM [express] POST /api/python/data/timestamp 200 in 2ms :: {"timestamp":1752570519.6920667,"…
9:40:25 PM [express] POST /api/python/data/timestamp 200 in 1ms :: {"timestamp":1752570528.9643834,"…
9:40:25 PM [express] POST /api/python/data/timestamp 200 in 2ms :: {"timestamp":1752570538.2367,"dat…
9:40:25 PM [express] GET /api/trajectory/999999 200 in 26ms :: {"success":true,"trajectory":[{"times…
9:40:25 PM [express] POST /api/python/data/timestamp 200 in 2ms :: {"timestamp":9999999999,"data":{"…
9:40:25 PM [express] POST /api/python/data/timestamp 200 in 1ms :: {"timestamp":1752570362.062682,"d…
